<?xml version="1.0" encoding="UTF-8"?>
<!-- Generated by org.testng.reporters.JUnitReportReporter -->
<testsuite hostname="GSRIRAM-MBP" name="com.auto.framework.pom.pom_framework.testing.TestingTest" tests="1" failures="0" timestamp="19 Jun 2018 17:37:07 GMT" time="1.226" errors="0">
  <testcase name="testing" time="1.226" classname="com.auto.framework.pom.pom_framework.testing.TestingTest"/>
</testsuite> <!-- com.auto.framework.pom.pom_framework.testing.TestingTest -->
