<?xml version="1.0" encoding="UTF-8"?>
<!-- Generated by org.testng.reporters.JUnitReportReporter -->
<testsuite hostname="GSRIRAM-MBP" name="com.auto.framework.pom.pom_framework.testing.OpenBrowserAndQuitTest" tests="1" failures="0" timestamp="22 Jun 2018 14:44:59 GMT" time="1.404" errors="0">
  <testcase name="testing" time="1.404" classname="com.auto.framework.pom.pom_framework.testing.OpenBrowserAndQuitTest"/>
</testsuite> <!-- com.auto.framework.pom.pom_framework.testing.OpenBrowserAndQuitTest -->
