<?xml version="1.0" encoding="UTF-8"?>
<!-- Generated by org.testng.reporters.JUnitReportReporter -->
<testsuite hostname="GSRIRAM-MBP" name="com.auto.framework.pom.pom_framework.testing.PlayWithPagesTest" tests="5" failures="0" timestamp="22 Jun 2018 15:16:33 GMT" time="40.756" errors="0">
  <testcase name="playWithPagesTest" time="7.608" classname="com.auto.framework.pom.pom_framework.testing.PlayWithPagesTest"/>
  <testcase name="playWithPagesTest5" time="8.908" classname="com.auto.framework.pom.pom_framework.testing.PlayWithPagesTest"/>
  <testcase name="playWithPagesTest4" time="7.084" classname="com.auto.framework.pom.pom_framework.testing.PlayWithPagesTest"/>
  <testcase name="playWithPagesTest2" time="7.603" classname="com.auto.framework.pom.pom_framework.testing.PlayWithPagesTest"/>
  <testcase name="playWithPagesTest3" time="9.553" classname="com.auto.framework.pom.pom_framework.testing.PlayWithPagesTest"/>
</testsuite> <!-- com.auto.framework.pom.pom_framework.testing.PlayWithPagesTest -->
